{
  "Unit Tests": {
    "coverage": {
    },
    "timestamp": 1416408637
  },
  "RSpec": {
    "coverage": {
      "/home/eliezer/Documentos/SYTW/17-23-noviembre/chat-blazee/app.rb": [
        1,
        1,
        1,
        null,
        null,
        null,
        1,
        1,
        null,
        1,
        1,
        null,
        1,
        1,
        1,
        null,
        0,
        0,
        null,
        null,
        null,
        1,
        1,
        0,
        null,
        1,
        1,
        1,
        1,
        1,
        1,
        1,
        null,
        null,
        null,
        1,
        1,
        1,
        1,
        1,
        null,
        null,
        1,
        1,
        1,
        null,
        0,
        0,
        null,
        1,
        null,
        null,
        1,
        1,
        0,
        0,
        0,
        null,
        null,
        1,
        1,
        0,
        0,
        null,
        null,
        1,
        1,
        0,
        null,
        0,
        0,
        null
      ]
    },
    "timestamp": 1416412797
  }
}
